[0m14:21:02.942340 [debug] [MainThread]: Sending event: {'category': 'dbt', 'action': 'invocation', 'label': 'start', 'context': [<snowplow_tracker.self_describing_json.SelfDescribingJson object at 0x000002428D7279A0>, <snowplow_tracker.self_describing_json.SelfDescribingJson object at 0x000002428DA7EDD0>, <snowplow_tracker.self_describing_json.SelfDescribingJson object at 0x000002428F6DF250>]}


============================== 14:21:02.947258 | eafb23e0-b01f-4aa5-b523-59b17e0419be ==============================
[0m14:21:02.947258 [info ] [MainThread]: Running with dbt=1.9.0
[0m14:21:02.948253 [debug] [MainThread]: running dbt with arguments {'printer_width': '80', 'indirect_selection': 'eager', 'write_json': 'True', 'log_cache_events': 'False', 'partial_parse': 'True', 'cache_selected_only': 'False', 'profiles_dir': 'C:\\Users\\felipe.maciel\\.dbt', 'debug': 'False', 'fail_fast': 'False', 'log_path': 'logs', 'version_check': 'True', 'warn_error': 'None', 'use_colors': 'True', 'use_experimental_parser': 'False', 'no_print': 'None', 'quiet': 'False', 'empty': 'False', 'warn_error_options': 'WarnErrorOptions(include=[], exclude=[])', 'introspect': 'True', 'invocation_command': 'dbt compile', 'static_parser': 'True', 'target_path': 'None', 'log_format': 'default', 'send_anonymous_usage_stats': 'True'}
[0m14:21:02.949287 [error] [MainThread]: Encountered an error:
Runtime Error
  No dbt_project.yml found at expected path C:\Users\felipe.maciel\Documents\dbt_project\DBT-DEMO\dbt_project.yml
  Verify that each entry within packages.yml (and their transitive dependencies) contains a file named dbt_project.yml
  
[0m14:21:02.950251 [debug] [MainThread]: Command `dbt compile` failed at 14:21:02.950251 after 0.10 seconds
[0m14:21:02.951338 [debug] [MainThread]: Sending event: {'category': 'dbt', 'action': 'invocation', 'label': 'end', 'context': [<snowplow_tracker.self_describing_json.SelfDescribingJson object at 0x000002428D7279A0>, <snowplow_tracker.self_describing_json.SelfDescribingJson object at 0x000002428F510820>, <snowplow_tracker.self_describing_json.SelfDescribingJson object at 0x000002428F6DF250>]}
[0m14:21:02.951338 [debug] [MainThread]: Flushing usage events
[0m14:21:03.777233 [debug] [MainThread]: An error was encountered while trying to flush usage events
[0m14:21:17.016232 [debug] [MainThread]: Sending event: {'category': 'dbt', 'action': 'invocation', 'label': 'start', 'context': [<snowplow_tracker.self_describing_json.SelfDescribingJson object at 0x000001F7455F7A00>, <snowplow_tracker.self_describing_json.SelfDescribingJson object at 0x000001F7473DF370>, <snowplow_tracker.self_describing_json.SelfDescribingJson object at 0x000001F745951DB0>]}


============================== 14:21:17.021273 | 622080dc-bceb-4a61-8512-899b78a6fd99 ==============================
[0m14:21:17.021273 [info ] [MainThread]: Running with dbt=1.9.0
[0m14:21:17.022188 [debug] [MainThread]: running dbt with arguments {'printer_width': '80', 'indirect_selection': 'eager', 'log_cache_events': 'False', 'write_json': 'True', 'partial_parse': 'True', 'cache_selected_only': 'False', 'profiles_dir': 'C:\\Users\\felipe.maciel\\.dbt', 'debug': 'False', 'fail_fast': 'False', 'log_path': 'logs', 'warn_error': 'None', 'version_check': 'True', 'use_colors': 'True', 'use_experimental_parser': 'False', 'no_print': 'None', 'quiet': 'False', 'empty': 'None', 'log_format': 'default', 'invocation_command': 'dbt debug', 'warn_error_options': 'WarnErrorOptions(include=[], exclude=[])', 'introspect': 'True', 'target_path': 'None', 'static_parser': 'True', 'send_anonymous_usage_stats': 'True'}
[0m14:21:17.040574 [info ] [MainThread]: dbt version: 1.9.0
[0m14:21:17.041554 [info ] [MainThread]: python version: 3.10.0
[0m14:21:17.042555 [info ] [MainThread]: python path: C:\Users\felipe.maciel\Documents\dbt_project\.venv\Scripts\python.exe
[0m14:21:17.042555 [info ] [MainThread]: os info: Windows-10-10.0.26100-SP0
[0m14:21:17.114756 [info ] [MainThread]: Using profiles dir at C:\Users\felipe.maciel\.dbt
[0m14:21:17.115756 [info ] [MainThread]: Using profiles.yml file at C:\Users\felipe.maciel\.dbt\profiles.yml
[0m14:21:17.117758 [info ] [MainThread]: Using dbt_project.yml file at C:\Users\felipe.maciel\Documents\dbt_project\DBT-DEMO\dbt_project.yml
[0m14:21:17.118756 [info ] [MainThread]: adapter type: postgres
[0m14:21:17.120758 [info ] [MainThread]: adapter version: 1.9.0
[0m14:21:17.121758 [info ] [MainThread]: Configuration:
[0m14:21:17.122758 [info ] [MainThread]:   profiles.yml file [[32mOK found and valid[0m]
[0m14:21:17.123757 [info ] [MainThread]:   dbt_project.yml file [[31mERROR not found[0m]
[0m14:21:17.124757 [info ] [MainThread]: Required dependencies:
[0m14:21:17.125758 [debug] [MainThread]: Executing "git --help"
[0m14:21:17.159280 [debug] [MainThread]: STDOUT: "b"usage: git [-v | --version] [-h | --help] [-C <path>] [-c <name>=<value>]\n           [--exec-path[=<path>]] [--html-path] [--man-path] [--info-path]\n           [-p | --paginate | -P | --no-pager] [--no-replace-objects] [--no-lazy-fetch]\n           [--no-optional-locks] [--no-advice] [--bare] [--git-dir=<path>]\n           [--work-tree=<path>] [--namespace=<name>] [--config-env=<name>=<envvar>]\n           <command> [<args>]\n\nThese are common Git commands used in various situations:\n\nstart a working area (see also: git help tutorial)\n   clone      Clone a repository into a new directory\n   init       Create an empty Git repository or reinitialize an existing one\n\nwork on the current change (see also: git help everyday)\n   add        Add file contents to the index\n   mv         Move or rename a file, a directory, or a symlink\n   restore    Restore working tree files\n   rm         Remove files from the working tree and from the index\n\nexamine the history and state (see also: git help revisions)\n   bisect     Use binary search to find the commit that introduced a bug\n   diff       Show changes between commits, commit and working tree, etc\n   grep       Print lines matching a pattern\n   log        Show commit logs\n   show       Show various types of objects\n   status     Show the working tree status\n\ngrow, mark and tweak your common history\n   backfill   Download missing objects in a partial clone\n   branch     List, create, or delete branches\n   commit     Record changes to the repository\n   merge      Join two or more development histories together\n   rebase     Reapply commits on top of another base tip\n   reset      Reset current HEAD to the specified state\n   switch     Switch branches\n   tag        Create, list, delete or verify a tag object signed with GPG\n\ncollaborate (see also: git help workflows)\n   fetch      Download objects and refs from another repository\n   pull       Fetch from and integrate with another repository or a local branch\n   push       Update remote refs along with associated objects\n\n'git help -a' and 'git help -g' list available subcommands and some\nconcept guides. See 'git help <command>' or 'git help <concept>'\nto read about a specific subcommand or concept.\nSee 'git help git' for an overview of the system.\n""
[0m14:21:17.160329 [debug] [MainThread]: STDERR: "b''"
[0m14:21:17.160329 [info ] [MainThread]:  - git [[32mOK found[0m]

[0m14:21:17.162282 [info ] [MainThread]: Connection:
[0m14:21:17.162282 [info ] [MainThread]:   host: localhost
[0m14:21:17.163487 [info ] [MainThread]:   port: 5432
[0m14:21:17.163487 [info ] [MainThread]:   user: postgres
[0m14:21:17.164565 [info ] [MainThread]:   database: postgres
[0m14:21:17.165493 [info ] [MainThread]:   schema: public
[0m14:21:17.165493 [info ] [MainThread]:   connect_timeout: 10
[0m14:21:17.165493 [info ] [MainThread]:   role: None
[0m14:21:17.168493 [info ] [MainThread]:   search_path: None
[0m14:21:17.169495 [info ] [MainThread]:   keepalives_idle: 0
[0m14:21:17.169495 [info ] [MainThread]:   sslmode: None
[0m14:21:17.170494 [info ] [MainThread]:   sslcert: None
[0m14:21:17.171492 [info ] [MainThread]:   sslkey: None
[0m14:21:17.171492 [info ] [MainThread]:   sslrootcert: None
[0m14:21:17.172492 [info ] [MainThread]:   application_name: dbt
[0m14:21:17.172492 [info ] [MainThread]:   retries: 1
[0m14:21:17.173495 [info ] [MainThread]: Registered adapter: postgres=1.9.0
[0m14:21:17.390877 [debug] [MainThread]: Acquiring new postgres connection 'debug'
[0m14:21:17.452760 [debug] [MainThread]: Using postgres connection "debug"
[0m14:21:17.452760 [debug] [MainThread]: On debug: select 1 as id
[0m14:21:17.453788 [debug] [MainThread]: Opening a new connection, currently in state init
[0m14:21:17.510527 [debug] [MainThread]: SQL status: SELECT 1 in 0.057 seconds
[0m14:21:17.511526 [debug] [MainThread]: On debug: Close
[0m14:21:17.512528 [info ] [MainThread]:   Connection test: [[32mOK connection ok[0m]

[0m14:21:17.512528 [info ] [MainThread]: [31m1 check failed:[0m
[0m14:21:17.513534 [info ] [MainThread]: Project loading failed for the following reason:
 project path <C:\Users\felipe.maciel\Documents\dbt_project\DBT-DEMO\dbt_project.yml> not found

[0m14:21:17.514536 [debug] [MainThread]: Command `dbt debug` failed at 14:21:17.514536 after 0.59 seconds
[0m14:21:17.514536 [debug] [MainThread]: Connection 'debug' was properly closed.
[0m14:21:17.515535 [debug] [MainThread]: Sending event: {'category': 'dbt', 'action': 'invocation', 'label': 'end', 'context': [<snowplow_tracker.self_describing_json.SelfDescribingJson object at 0x000001F7455F7A00>, <snowplow_tracker.self_describing_json.SelfDescribingJson object at 0x000001F747552A40>, <snowplow_tracker.self_describing_json.SelfDescribingJson object at 0x000001F747553040>]}
[0m14:21:17.515535 [debug] [MainThread]: Flushing usage events
[0m14:21:18.191231 [debug] [MainThread]: An error was encountered while trying to flush usage events
[0m11:25:21.933595 [debug] [MainThread]: Sending event: {'category': 'dbt', 'action': 'invocation', 'label': 'start', 'context': [<snowplow_tracker.self_describing_json.SelfDescribingJson object at 0x000001BF9FDE7A00>, <snowplow_tracker.self_describing_json.SelfDescribingJson object at 0x000001BFA1BCF370>, <snowplow_tracker.self_describing_json.SelfDescribingJson object at 0x000001BFA0141DB0>]}


============================== 11:25:21.940056 | ea825f54-1a62-46be-95be-041946ba0432 ==============================
[0m11:25:21.940056 [info ] [MainThread]: Running with dbt=1.9.0
[0m11:25:21.940559 [debug] [MainThread]: running dbt with arguments {'printer_width': '80', 'indirect_selection': 'eager', 'write_json': 'True', 'log_cache_events': 'False', 'partial_parse': 'True', 'cache_selected_only': 'False', 'warn_error': 'None', 'version_check': 'True', 'profiles_dir': 'C:\\Users\\felipe.maciel\\.dbt', 'log_path': 'logs', 'debug': 'False', 'fail_fast': 'False', 'use_colors': 'True', 'use_experimental_parser': 'False', 'empty': 'False', 'quiet': 'False', 'no_print': 'None', 'log_format': 'default', 'static_parser': 'True', 'invocation_command': 'dbt run --select stg_cliente', 'introspect': 'True', 'target_path': 'None', 'warn_error_options': 'WarnErrorOptions(include=[], exclude=[])', 'send_anonymous_usage_stats': 'True'}
[0m11:25:21.941566 [error] [MainThread]: Encountered an error:
Runtime Error
  No dbt_project.yml found at expected path C:\Users\felipe.maciel\Documents\dbt_project\DBT-DEMO\dbt_project.yml
  Verify that each entry within packages.yml (and their transitive dependencies) contains a file named dbt_project.yml
  
[0m11:25:21.942566 [debug] [MainThread]: Command `dbt run` failed at 11:25:21.942566 after 0.10 seconds
[0m11:25:21.942566 [debug] [MainThread]: Sending event: {'category': 'dbt', 'action': 'invocation', 'label': 'end', 'context': [<snowplow_tracker.self_describing_json.SelfDescribingJson object at 0x000001BF9FDE7A00>, <snowplow_tracker.self_describing_json.SelfDescribingJson object at 0x000001BFA0141B10>, <snowplow_tracker.self_describing_json.SelfDescribingJson object at 0x000001BFA1D88DC0>]}
[0m11:25:21.943564 [debug] [MainThread]: Flushing usage events
[0m11:25:22.691711 [debug] [MainThread]: An error was encountered while trying to flush usage events
